0 info it worked if it ends with ok
1 verbose cli [ '/usr/local/bin/node',
1 verbose cli   '/usr/local/bin/npm',
1 verbose cli   'run',
1 verbose cli   'development' ]
2 info using npm@3.8.6
3 info using node@v5.11.0
4 verbose run-script [ 'predevelopment', 'development', 'postdevelopment' ]
5 info lifecycle webpack-starter-kit@1.0.0~predevelopment: webpack-starter-kit@1.0.0
6 silly lifecycle webpack-starter-kit@1.0.0~predevelopment: no script for predevelopment, continuing
7 info lifecycle webpack-starter-kit@1.0.0~development: webpack-starter-kit@1.0.0
8 verbose lifecycle webpack-starter-kit@1.0.0~development: unsafe-perm in lifecycle true
9 verbose lifecycle webpack-starter-kit@1.0.0~development: PATH: /usr/local/lib/node_modules/npm/bin/node-gyp-bin:/Users/shauntownsend/workspace/webpack-starter-kit/node_modules/.bin:/usr/local/bin:/usr/local/Cellar/pyenv-virtualenv/20160202/shims:/usr/local/Cellar/pyenv/20160310/libexec:/Users/shauntownsend/.pyenv/shims:/usr/local/bin:/usr/bin:/bin:/usr/sbin:/sbin:/usr/local/Cellar/pyenv-virtualenv/20160202/shims:/usr/local/Cellar/pyenv/20160310/libexec:/Users/shauntownsend/.pyenv/shims
10 verbose lifecycle webpack-starter-kit@1.0.0~development: CWD: /Users/shauntownsend/workspace/webpack-starter-kit
11 silly lifecycle webpack-starter-kit@1.0.0~development: Args: [ '-c', 'webpack-dev-server --env development' ]
12 silly lifecycle webpack-starter-kit@1.0.0~development: Returned: code: 1  signal: null
13 info lifecycle webpack-starter-kit@1.0.0~development: Failed to exec development script
14 verbose stack Error: webpack-starter-kit@1.0.0 development: `webpack-dev-server --env development`
14 verbose stack Exit status 1
14 verbose stack     at EventEmitter.<anonymous> (/usr/local/lib/node_modules/npm/lib/utils/lifecycle.js:239:16)
14 verbose stack     at emitTwo (events.js:100:13)
14 verbose stack     at EventEmitter.emit (events.js:185:7)
14 verbose stack     at ChildProcess.<anonymous> (/usr/local/lib/node_modules/npm/lib/utils/spawn.js:24:14)
14 verbose stack     at emitTwo (events.js:100:13)
14 verbose stack     at ChildProcess.emit (events.js:185:7)
14 verbose stack     at maybeClose (internal/child_process.js:850:16)
14 verbose stack     at Process.ChildProcess._handle.onexit (internal/child_process.js:215:5)
15 verbose pkgid webpack-starter-kit@1.0.0
16 verbose cwd /Users/shauntownsend/workspace/webpack-starter-kit
17 error Darwin 16.6.0
18 error argv "/usr/local/bin/node" "/usr/local/bin/npm" "run" "development"
19 error node v5.11.0
20 error npm  v3.8.6
21 error code ELIFECYCLE
22 error webpack-starter-kit@1.0.0 development: `webpack-dev-server --env development`
22 error Exit status 1
23 error Failed at the webpack-starter-kit@1.0.0 development script 'webpack-dev-server --env development'.
23 error Make sure you have the latest version of node.js and npm installed.
23 error If you do, this is most likely a problem with the webpack-starter-kit package,
23 error not with npm itself.
23 error Tell the author that this fails on your system:
23 error     webpack-dev-server --env development
23 error You can get information on how to open an issue for this project with:
23 error     npm bugs webpack-starter-kit
23 error Or if that isn't available, you can get their info via:
23 error     npm owner ls webpack-starter-kit
23 error There is likely additional logging output above.
24 verbose exit [ 1, true ]
